<?xml version="1.0" encoding="UTF-8"?>
<!-- Generated by org.testng.reporters.JUnitXMLReporter -->
<testsuite hostname="LJaerdeMacBook-Pro.local" ignored="0" name="Command line test" tests="1" failures="0" timestamp="30 四月 2020 07:04:05 GMT" time="0.002" errors="0">
  <testcase name="verifyContextWasAutowired" time="0.001" classname="org.springframework.test.context.cache.ClassLevelDirtiesContextTestNGTests$ClassLevelDirtiesContextWithCleanMethodsAndAfterClassModeTestCase"/>
</testsuite> <!-- Command line test -->
