<?xml version="1.0" encoding="UTF-8"?>
<testng-results skipped="0" failed="0" ignored="0" total="1" passed="1">
  <reporter-output>
  </reporter-output>
  <suite name="Command line suite" duration-ms="2" started-at="2020-04-30T07:04:05Z" finished-at="2020-04-30T07:04:05Z">
    <groups>
    </groups>
    <test name="Command line test" duration-ms="2" started-at="2020-04-30T07:04:05Z" finished-at="2020-04-30T07:04:05Z">
      <class name="org.springframework.test.context.cache.ClassLevelDirtiesContextTestNGTests$ClassLevelDirtiesContextWithCleanMethodsAndAfterClassModeTestCase">
        <test-method status="PASS" signature="springTestContextBeforeTestClass()[pri:0, instance:org.springframework.test.context.cache.ClassLevelDirtiesContextTestNGTests$ClassLevelDirtiesContextWithCleanMethodsAndAfterClassModeTestCase@47fc5745]" name="springTestContextBeforeTestClass" is-config="true" duration-ms="0" started-at="2020-04-30T07:04:05Z" finished-at="2020-04-30T07:04:05Z">
          <reporter-output>
          </reporter-output>
        </test-method> <!-- springTestContextBeforeTestClass -->
        <test-method status="PASS" signature="springTestContextPrepareTestInstance()[pri:0, instance:org.springframework.test.context.cache.ClassLevelDirtiesContextTestNGTests$ClassLevelDirtiesContextWithCleanMethodsAndAfterClassModeTestCase@47fc5745]" name="springTestContextPrepareTestInstance" is-config="true" duration-ms="1" started-at="2020-04-30T07:04:05Z" depends-on-methods="org.springframework.test.context.testng.AbstractTestNGSpringContextTests.springTestContextBeforeTestClass" finished-at="2020-04-30T07:04:05Z">
          <reporter-output>
          </reporter-output>
        </test-method> <!-- springTestContextPrepareTestInstance -->
        <test-method status="PASS" signature="springTestContextBeforeTestMethod(java.lang.reflect.Method)[pri:0, instance:org.springframework.test.context.cache.ClassLevelDirtiesContextTestNGTests$ClassLevelDirtiesContextWithCleanMethodsAndAfterClassModeTestCase@47fc5745]" name="springTestContextBeforeTestMethod" is-config="true" duration-ms="0" started-at="2020-04-30T07:04:05Z" finished-at="2020-04-30T07:04:05Z">
          <params>
            <param index="0">
              <value>
                <![CDATA[void org.springframework.test.context.cache.ClassLevelDirtiesContextTestNGTests$ClassLevelDirtiesContextWithCleanMethodsAndAfterClassModeTestCase.verifyContextWasAutowired()]]>
              </value>
            </param>
          </params>
          <reporter-output>
          </reporter-output>
        </test-method> <!-- springTestContextBeforeTestMethod -->
        <test-method status="PASS" signature="verifyContextWasAutowired()[pri:0, instance:org.springframework.test.context.cache.ClassLevelDirtiesContextTestNGTests$ClassLevelDirtiesContextWithCleanMethodsAndAfterClassModeTestCase@47fc5745]" name="verifyContextWasAutowired" duration-ms="1" started-at="2020-04-30T07:04:05Z" finished-at="2020-04-30T07:04:05Z">
          <reporter-output>
          </reporter-output>
        </test-method> <!-- verifyContextWasAutowired -->
        <test-method status="PASS" signature="springTestContextAfterTestClass()[pri:0, instance:org.springframework.test.context.cache.ClassLevelDirtiesContextTestNGTests$ClassLevelDirtiesContextWithCleanMethodsAndAfterClassModeTestCase@47fc5745]" name="springTestContextAfterTestClass" is-config="true" duration-ms="0" started-at="2020-04-30T07:04:05Z" finished-at="2020-04-30T07:04:05Z">
          <reporter-output>
          </reporter-output>
        </test-method> <!-- springTestContextAfterTestClass -->
        <test-method status="PASS" signature="springTestContextAfterTestMethod(java.lang.reflect.Method)[pri:0, instance:org.springframework.test.context.cache.ClassLevelDirtiesContextTestNGTests$ClassLevelDirtiesContextWithCleanMethodsAndAfterClassModeTestCase@47fc5745]" name="springTestContextAfterTestMethod" is-config="true" duration-ms="0" started-at="2020-04-30T07:04:05Z" finished-at="2020-04-30T07:04:05Z">
          <params>
            <param index="0">
              <value>
                <![CDATA[void org.springframework.test.context.cache.ClassLevelDirtiesContextTestNGTests$ClassLevelDirtiesContextWithCleanMethodsAndAfterClassModeTestCase.verifyContextWasAutowired()]]>
              </value>
            </param>
          </params>
          <reporter-output>
          </reporter-output>
        </test-method> <!-- springTestContextAfterTestMethod -->
      </class> <!-- org.springframework.test.context.cache.ClassLevelDirtiesContextTestNGTests$ClassLevelDirtiesContextWithCleanMethodsAndAfterClassModeTestCase -->
    </test> <!-- Command line test -->
  </suite> <!-- Command line suite -->
</testng-results>
